<?xml version="1.0" encoding="UTF-8"?>
<!-- Generated by org.testng.reporters.JUnitReportReporter -->
<testsuite skipped="0" hostname="Kalps" name="com.crm.qa.testcases.HomePageTest" tests="3" failures="0" timestamp="03 Dec 2017 10:05:35 GMT" time="41.734" errors="0">
  <testcase name="verifyHomepageTitleTest" time="12.513" classname="com.crm.qa.testcases.HomePageTest"/>
  <testcase name="verifyUserNameTest" time="13.252" classname="com.crm.qa.testcases.HomePageTest"/>
  <testcase name="verifyContactsLinkTest" time="15.969" classname="com.crm.qa.testcases.HomePageTest"/>
</testsuite> <!-- com.crm.qa.testcases.HomePageTest -->
